0 info it worked if it ends with ok
1 verbose cli [ 'C:\\Program Files\\nodejs\\\\node.exe',
1 verbose cli   'C:\\Program Files\\nodejs\\node_modules\\npm\\bin\\npm-cli.js',
1 verbose cli   'install',
1 verbose cli   '–g',
1 verbose cli   'grunt-cli',
1 verbose cli   'yo',
1 verbose cli   'bower',
1 verbose cli   'generator-cg-angular' ]
2 info using npm@2.11.2
3 info using node@v0.12.5
4 verbose install initial load of C:\GitHub\18f-agile-bpa\package.json
5 warn package.json web@0.0.0 No repository field.
6 warn package.json web@0.0.0 No license field.
7 verbose readDependencies loading dependencies from C:\GitHub\18f-agile-bpa\package.json
8 silly cache add args [ '–g', null ]
9 verbose cache add spec –g
10 silly cache add args [ 'grunt-cli', null ]
11 verbose cache add spec grunt-cli
12 silly cache add args [ 'yo', null ]
13 verbose cache add spec yo
14 silly cache add args [ 'bower', null ]
15 verbose cache add spec bower
16 silly cache add args [ 'generator-cg-angular', null ]
17 verbose cache add spec generator-cg-angular
18 silly cache add parsed spec { raw: '–g',
18 silly cache add   scope: null,
18 silly cache add   name: null,
18 silly cache add   rawSpec: '–g',
18 silly cache add   spec: 'C:\\GitHub\\18f-agile-bpa\\–g',
18 silly cache add   type: 'local' }
19 silly cache add parsed spec { raw: 'grunt-cli',
19 silly cache add   scope: null,
19 silly cache add   name: 'grunt-cli',
19 silly cache add   rawSpec: '',
19 silly cache add   spec: '*',
19 silly cache add   type: 'range' }
20 silly addNamed grunt-cli@*
21 verbose addNamed "*" is a valid semver range for grunt-cli
22 silly addNameRange { name: 'grunt-cli', range: '*', hasData: false }
23 silly mapToRegistry name grunt-cli
24 silly mapToRegistry using default registry
25 silly mapToRegistry registry https://registry.npmjs.org/
26 silly mapToRegistry uri https://registry.npmjs.org/grunt-cli
27 verbose addNameRange registry:https://registry.npmjs.org/grunt-cli not in flight; fetching
28 silly cache add parsed spec { raw: 'yo',
28 silly cache add   scope: null,
28 silly cache add   name: 'yo',
28 silly cache add   rawSpec: '',
28 silly cache add   spec: '*',
28 silly cache add   type: 'range' }
29 silly addNamed yo@*
30 verbose addNamed "*" is a valid semver range for yo
31 silly addNameRange { name: 'yo', range: '*', hasData: false }
32 silly mapToRegistry name yo
33 silly mapToRegistry using default registry
34 silly mapToRegistry registry https://registry.npmjs.org/
35 silly mapToRegistry uri https://registry.npmjs.org/yo
36 verbose addNameRange registry:https://registry.npmjs.org/yo not in flight; fetching
37 silly cache add parsed spec { raw: 'bower',
37 silly cache add   scope: null,
37 silly cache add   name: 'bower',
37 silly cache add   rawSpec: '',
37 silly cache add   spec: '*',
37 silly cache add   type: 'range' }
38 silly addNamed bower@*
39 verbose addNamed "*" is a valid semver range for bower
40 silly addNameRange { name: 'bower', range: '*', hasData: false }
41 silly mapToRegistry name bower
42 silly mapToRegistry using default registry
43 silly mapToRegistry registry https://registry.npmjs.org/
44 silly mapToRegistry uri https://registry.npmjs.org/bower
45 verbose addNameRange registry:https://registry.npmjs.org/bower not in flight; fetching
46 silly cache add parsed spec { raw: 'generator-cg-angular',
46 silly cache add   scope: null,
46 silly cache add   name: 'generator-cg-angular',
46 silly cache add   rawSpec: '',
46 silly cache add   spec: '*',
46 silly cache add   type: 'range' }
47 silly addNamed generator-cg-angular@*
48 verbose addNamed "*" is a valid semver range for generator-cg-angular
49 silly addNameRange { name: 'generator-cg-angular', range: '*', hasData: false }
50 silly mapToRegistry name generator-cg-angular
51 silly mapToRegistry using default registry
52 silly mapToRegistry registry https://registry.npmjs.org/
53 silly mapToRegistry uri https://registry.npmjs.org/generator-cg-angular
54 verbose addNameRange registry:https://registry.npmjs.org/generator-cg-angular not in flight; fetching
55 error addLocal Could not install C:\GitHub\18f-agile-bpa\–g
56 verbose request uri https://registry.npmjs.org/grunt-cli
57 verbose request no auth needed
58 info attempt registry request try #1 at 4:51:32 PM
59 verbose request id 6abd9235348dbe73
60 http request GET https://registry.npmjs.org/grunt-cli
61 verbose request uri https://registry.npmjs.org/yo
62 verbose request no auth needed
63 info attempt registry request try #1 at 4:51:32 PM
64 http request GET https://registry.npmjs.org/yo
65 verbose request uri https://registry.npmjs.org/bower
66 verbose request no auth needed
67 info attempt registry request try #1 at 4:51:32 PM
68 http request GET https://registry.npmjs.org/bower
69 verbose request uri https://registry.npmjs.org/generator-cg-angular
70 verbose request no auth needed
71 info attempt registry request try #1 at 4:51:32 PM
72 http request GET https://registry.npmjs.org/generator-cg-angular
73 http 200 https://registry.npmjs.org/grunt-cli
74 silly get cb [ 200,
74 silly get   { server: 'CouchDB/1.5.0 (Erlang OTP/R16B03)',
74 silly get     etag: '"26N0GMMHEW7TF327V97DB1WS8"',
74 silly get     'content-type': 'application/json',
74 silly get     'cache-control': 'max-age=60',
74 silly get     'content-length': '21094',
74 silly get     'accept-ranges': 'bytes',
74 silly get     date: 'Thu, 25 Jun 2015 20:51:52 GMT',
74 silly get     via: '1.1 varnish',
74 silly get     age: '43',
74 silly get     connection: 'keep-alive',
74 silly get     'x-served-by': 'cache-jfk1028-JFK',
74 silly get     'x-cache': 'HIT',
74 silly get     'x-cache-hits': '3',
74 silly get     'x-timer': 'S1435265512.344271,VS0,VE0',
74 silly get     vary: 'Accept' } ]
75 verbose get saving grunt-cli to C:\Users\cwoldorf\AppData\Roaming\npm-cache\registry.npmjs.org\grunt-cli\.cache.json
76 verbose getCacheStat cache creation not in flight; initializing
77 verbose makeCacheDir UID & GID are irrelevant on win32
78 silly addNameRange number 2 { name: 'grunt-cli', range: '*', hasData: true }
79 silly addNameRange versions [ 'grunt-cli',
79 silly addNameRange   [ '0.1.0',
79 silly addNameRange     '0.1.1',
79 silly addNameRange     '0.1.2',
79 silly addNameRange     '0.1.3',
79 silly addNameRange     '0.1.4',
79 silly addNameRange     '0.1.5',
79 silly addNameRange     '0.1.6',
79 silly addNameRange     '0.1.7',
79 silly addNameRange     '0.1.8',
79 silly addNameRange     '0.1.9',
79 silly addNameRange     '0.1.10',
79 silly addNameRange     '0.1.11',
79 silly addNameRange     '0.1.12',
79 silly addNameRange     '0.1.13' ] ]
80 silly addNamed grunt-cli@0.1.13
81 verbose addNamed "0.1.13" is a plain semver version for grunt-cli
82 silly mapToRegistry name grunt-cli
83 silly mapToRegistry using default registry
84 silly mapToRegistry registry https://registry.npmjs.org/
85 silly mapToRegistry uri https://registry.npmjs.org/grunt-cli
86 verbose addRemoteTarball https://registry.npmjs.org/grunt-cli/-/grunt-cli-0.1.13.tgz not in flight; adding
87 verbose addRemoteTarball [ 'https://registry.npmjs.org/grunt-cli/-/grunt-cli-0.1.13.tgz',
87 verbose addRemoteTarball   'e9ebc4047631f5012d922770c39378133cad10f4' ]
88 info retry fetch attempt 1 at 4:51:33 PM
89 info attempt registry request try #1 at 4:51:33 PM
90 http fetch GET https://registry.npmjs.org/grunt-cli/-/grunt-cli-0.1.13.tgz
91 http 200 https://registry.npmjs.org/yo
92 silly get cb [ 200,
92 silly get   { server: 'CouchDB/1.5.0 (Erlang OTP/R16B03)',
92 silly get     etag: '"42666NJB8YSLAMLNEDMIETWW1"',
92 silly get     'content-type': 'application/json',
92 silly get     'cache-control': 'max-age=60',
92 silly get     'content-length': '33590',
92 silly get     'accept-ranges': 'bytes',
92 silly get     date: 'Thu, 25 Jun 2015 20:51:52 GMT',
92 silly get     via: '1.1 varnish',
92 silly get     age: '0',
92 silly get     connection: 'keep-alive',
92 silly get     'x-served-by': 'cache-jfk1029-JFK',
92 silly get     'x-cache': 'HIT',
92 silly get     'x-cache-hits': '1',
92 silly get     'x-timer': 'S1435265512.353410,VS0,VE19',
92 silly get     vary: 'Accept' } ]
93 verbose get saving yo to C:\Users\cwoldorf\AppData\Roaming\npm-cache\registry.npmjs.org\yo\.cache.json
94 http 200 https://registry.npmjs.org/generator-cg-angular
95 silly get cb [ 200,
95 silly get   { server: 'CouchDB/1.5.0 (Erlang OTP/R16B03)',
95 silly get     etag: '"A32PL6YV0WR2DHBPC3X209X4P"',
95 silly get     'content-type': 'application/json',
95 silly get     'cache-control': 'max-age=60',
95 silly get     'content-length': '31696',
95 silly get     'accept-ranges': 'bytes',
95 silly get     date: 'Thu, 25 Jun 2015 20:51:52 GMT',
95 silly get     via: '1.1 varnish',
95 silly get     age: '0',
95 silly get     connection: 'keep-alive',
95 silly get     'x-served-by': 'cache-jfk1032-JFK',
95 silly get     'x-cache': 'MISS',
95 silly get     'x-cache-hits': '0',
95 silly get     'x-timer': 'S1435265512.354384,VS0,VE34',
95 silly get     vary: 'Accept' } ]
96 verbose get saving generator-cg-angular to C:\Users\cwoldorf\AppData\Roaming\npm-cache\registry.npmjs.org\generator-cg-angular\.cache.json
97 http fetch 200 https://registry.npmjs.org/grunt-cli/-/grunt-cli-0.1.13.tgz
98 silly addNameRange number 2 { name: 'generator-cg-angular', range: '*', hasData: true }
99 silly addNameRange versions [ 'generator-cg-angular',
99 silly addNameRange   [ '1.0.0',
99 silly addNameRange     '1.0.1',
99 silly addNameRange     '1.0.2',
99 silly addNameRange     '1.0.3',
99 silly addNameRange     '1.0.4',
99 silly addNameRange     '2.0.0',
99 silly addNameRange     '2.1.0',
99 silly addNameRange     '2.1.1',
99 silly addNameRange     '3.0.0',
99 silly addNameRange     '3.0.2',
99 silly addNameRange     '3.0.3',
99 silly addNameRange     '3.1.0-beta',
99 silly addNameRange     '3.1.0',
99 silly addNameRange     '3.1.1',
99 silly addNameRange     '3.1.2',
99 silly addNameRange     '3.2.0' ] ]
100 silly addNamed generator-cg-angular@3.2.0
101 verbose addNamed "3.2.0" is a plain semver version for generator-cg-angular
102 silly mapToRegistry name generator-cg-angular
103 silly mapToRegistry using default registry
104 silly mapToRegistry registry https://registry.npmjs.org/
105 silly mapToRegistry uri https://registry.npmjs.org/generator-cg-angular
106 verbose addRemoteTarball https://registry.npmjs.org/generator-cg-angular/-/generator-cg-angular-3.2.0.tgz not in flight; adding
107 verbose addRemoteTarball [ 'https://registry.npmjs.org/generator-cg-angular/-/generator-cg-angular-3.2.0.tgz',
107 verbose addRemoteTarball   'b7541a644a5fd146913ef3da291ea5522674f300' ]
108 info retry fetch attempt 1 at 4:51:33 PM
109 info attempt registry request try #1 at 4:51:33 PM
110 http fetch GET https://registry.npmjs.org/generator-cg-angular/-/generator-cg-angular-3.2.0.tgz
111 silly addNameRange number 2 { name: 'yo', range: '*', hasData: true }
112 silly addNameRange versions [ 'yo',
112 silly addNameRange   [ '1.1.0',
112 silly addNameRange     '1.1.1',
112 silly addNameRange     '1.1.2',
112 silly addNameRange     '1.2.0',
112 silly addNameRange     '1.2.1',
112 silly addNameRange     '1.3.0',
112 silly addNameRange     '1.3.2',
112 silly addNameRange     '1.3.3',
112 silly addNameRange     '1.4.1',
112 silly addNameRange     '1.4.2',
112 silly addNameRange     '1.4.4',
112 silly addNameRange     '1.4.5',
112 silly addNameRange     '1.4.6',
112 silly addNameRange     '1.4.7' ] ]
113 silly addNamed yo@1.4.7
114 verbose addNamed "1.4.7" is a plain semver version for yo
115 silly mapToRegistry name yo
116 silly mapToRegistry using default registry
117 silly mapToRegistry registry https://registry.npmjs.org/
118 silly mapToRegistry uri https://registry.npmjs.org/yo
119 verbose addRemoteTarball https://registry.npmjs.org/yo/-/yo-1.4.7.tgz not in flight; adding
120 verbose addRemoteTarball [ 'https://registry.npmjs.org/yo/-/yo-1.4.7.tgz',
120 verbose addRemoteTarball   '7eecb354f6f4df2dafbc2da53d30f7f7fafcb450' ]
121 info retry fetch attempt 1 at 4:51:33 PM
122 info attempt registry request try #1 at 4:51:33 PM
123 http fetch GET https://registry.npmjs.org/yo/-/yo-1.4.7.tgz
124 http 200 https://registry.npmjs.org/bower
125 silly get cb [ 200,
125 silly get   { server: 'CouchDB/1.5.0 (Erlang OTP/R16B03)',
125 silly get     etag: '"F5DZ09SKDJ5DLFDPVBOP8TZTX"',
125 silly get     'content-type': 'application/json',
125 silly get     'cache-control': 'max-age=60',
125 silly get     'content-length': '112449',
125 silly get     'accept-ranges': 'bytes',
125 silly get     date: 'Thu, 25 Jun 2015 20:51:52 GMT',
125 silly get     via: '1.1 varnish',
125 silly get     age: '16',
125 silly get     connection: 'keep-alive',
125 silly get     'x-served-by': 'cache-jfk1027-JFK',
125 silly get     'x-cache': 'HIT',
125 silly get     'x-cache-hits': '1',
125 silly get     'x-timer': 'S1435265512.352289,VS0,VE1',
125 silly get     vary: 'Accept' } ]
126 verbose get saving bower to C:\Users\cwoldorf\AppData\Roaming\npm-cache\registry.npmjs.org\bower\.cache.json
127 silly fetchAndShaCheck shasum e9ebc4047631f5012d922770c39378133cad10f4
128 verbose addTmpTarball C:\Users\cwoldorf\AppData\Local\Temp\npm-4376-17a65d8a\registry.npmjs.org\grunt-cli\-\grunt-cli-0.1.13.tgz not in flight; adding
129 verbose addTmpTarball already have metadata; skipping unpack for grunt-cli@0.1.13
130 silly addNameRange number 2 { name: 'bower', range: '*', hasData: true }
131 silly addNameRange versions [ 'bower',
131 silly addNameRange   [ '0.1.0',
131 silly addNameRange     '0.1.2',
131 silly addNameRange     '0.1.3',
131 silly addNameRange     '0.2.0',
131 silly addNameRange     '0.3.0',
131 silly addNameRange     '0.3.1',
131 silly addNameRange     '0.3.2',
131 silly addNameRange     '0.4.0',
131 silly addNameRange     '0.5.0',
131 silly addNameRange     '0.5.1',
131 silly addNameRange     '0.6.0',
131 silly addNameRange     '0.6.1',
131 silly addNameRange     '0.6.2',
131 silly addNameRange     '0.6.3',
131 silly addNameRange     '0.6.4',
131 silly addNameRange     '0.6.5',
131 silly addNameRange     '0.6.6',
131 silly addNameRange     '0.6.7',
131 silly addNameRange     '0.6.8',
131 silly addNameRange     '0.7.0',
131 silly addNameRange     '0.7.1',
131 silly addNameRange     '0.8.0',
131 silly addNameRange     '0.8.1',
131 silly addNameRange     '0.8.2',
131 silly addNameRange     '0.8.3',
131 silly addNameRange     '0.8.4',
131 silly addNameRange     '0.8.5',
131 silly addNameRange     '0.8.6',
131 silly addNameRange     '0.9.0',
131 silly addNameRange     '0.9.1',
131 silly addNameRange     '0.9.2',
131 silly addNameRange     '0.10.0',
131 silly addNameRange     '1.0.0',
131 silly addNameRange     '1.0.1',
131 silly addNameRange     '1.0.2',
131 silly addNameRange     '1.0.3',
131 silly addNameRange     '1.1.0',
131 silly addNameRange     '1.1.1',
131 silly addNameRange     '1.1.2',
131 silly addNameRange     '1.2.0',
131 silly addNameRange     '1.2.1',
131 silly addNameRange     '1.2.2',
131 silly addNameRange     '1.2.3',
131 silly addNameRange     '1.2.4',
131 silly addNameRange     '1.2.5',
131 silly addNameRange     '1.2.6',
131 silly addNameRange     '1.2.7',
131 silly addNameRange     '1.2.8',
131 silly addNameRange     '1.3.0',
131 silly addNameRange     '1.3.1',
131 silly addNameRange     '1.3.2',
131 silly addNameRange     '1.3.3',
131 silly addNameRange     '1.3.4',
131 silly addNameRange     '1.3.5',
131 silly addNameRange     '1.3.6',
131 silly addNameRange     '1.3.7',
131 silly addNameRange     '1.3.8',
131 silly addNameRange     '1.3.9',
131 silly addNameRange     '1.3.10',
131 silly addNameRange     '1.3.11',
131 silly addNameRange     '1.3.12',
131 silly addNameRange     '1.4.0',
131 silly addNameRange     '1.4.1' ] ]
132 silly addNamed bower@1.4.1
133 verbose addNamed "1.4.1" is a plain semver version for bower
134 silly mapToRegistry name bower
135 silly mapToRegistry using default registry
136 silly mapToRegistry registry https://registry.npmjs.org/
137 silly mapToRegistry uri https://registry.npmjs.org/bower
138 verbose addRemoteTarball https://registry.npmjs.org/bower/-/bower-1.4.1.tgz not in flight; adding
139 verbose addRemoteTarball [ 'https://registry.npmjs.org/bower/-/bower-1.4.1.tgz',
139 verbose addRemoteTarball   'a18be39d030792754f30f1c5b32d37b0156ba8dd' ]
140 info retry fetch attempt 1 at 4:51:33 PM
141 info attempt registry request try #1 at 4:51:33 PM
142 http fetch GET https://registry.npmjs.org/bower/-/bower-1.4.1.tgz
143 silly cache afterAdd grunt-cli@0.1.13
144 verbose afterAdd C:\Users\cwoldorf\AppData\Roaming\npm-cache\grunt-cli\0.1.13\package\package.json not in flight; writing
145 verbose afterAdd C:\Users\cwoldorf\AppData\Roaming\npm-cache\grunt-cli\0.1.13\package\package.json written
146 http fetch 200 https://registry.npmjs.org/yo/-/yo-1.4.7.tgz
147 silly fetchAndShaCheck shasum 7eecb354f6f4df2dafbc2da53d30f7f7fafcb450
148 verbose addTmpTarball C:\Users\cwoldorf\AppData\Local\Temp\npm-4376-17a65d8a\registry.npmjs.org\yo\-\yo-1.4.7.tgz not in flight; adding
149 verbose addTmpTarball already have metadata; skipping unpack for yo@1.4.7
150 silly cache afterAdd yo@1.4.7
151 verbose afterAdd C:\Users\cwoldorf\AppData\Roaming\npm-cache\yo\1.4.7\package\package.json not in flight; writing
152 http fetch 200 https://registry.npmjs.org/bower/-/bower-1.4.1.tgz
153 verbose afterAdd C:\Users\cwoldorf\AppData\Roaming\npm-cache\yo\1.4.7\package\package.json written
154 silly fetchAndShaCheck shasum a18be39d030792754f30f1c5b32d37b0156ba8dd
155 verbose addTmpTarball C:\Users\cwoldorf\AppData\Local\Temp\npm-4376-17a65d8a\registry.npmjs.org\bower\-\bower-1.4.1.tgz not in flight; adding
156 verbose addTmpTarball already have metadata; skipping unpack for bower@1.4.1
157 silly cache afterAdd bower@1.4.1
158 verbose afterAdd C:\Users\cwoldorf\AppData\Roaming\npm-cache\bower\1.4.1\package\package.json not in flight; writing
159 verbose afterAdd C:\Users\cwoldorf\AppData\Roaming\npm-cache\bower\1.4.1\package\package.json written
160 http fetch 200 https://registry.npmjs.org/generator-cg-angular/-/generator-cg-angular-3.2.0.tgz
161 silly fetchAndShaCheck shasum b7541a644a5fd146913ef3da291ea5522674f300
162 verbose addTmpTarball C:\Users\cwoldorf\AppData\Local\Temp\npm-4376-17a65d8a\registry.npmjs.org\generator-cg-angular\-\generator-cg-angular-3.2.0.tgz not in flight; adding
163 verbose addTmpTarball already have metadata; skipping unpack for generator-cg-angular@3.2.0
164 silly cache afterAdd generator-cg-angular@3.2.0
165 verbose afterAdd C:\Users\cwoldorf\AppData\Roaming\npm-cache\generator-cg-angular\3.2.0\package\package.json not in flight; writing
166 verbose afterAdd C:\Users\cwoldorf\AppData\Roaming\npm-cache\generator-cg-angular\3.2.0\package\package.json written
167 verbose stack Error: ENOENT, open 'C:\GitHub\18f-agile-bpa\–g'
167 verbose stack     at Error (native)
168 verbose cwd C:\GitHub\18f-agile-bpa
169 error Windows_NT 6.1.7601
170 error argv "C:\\Program Files\\nodejs\\\\node.exe" "C:\\Program Files\\nodejs\\node_modules\\npm\\bin\\npm-cli.js" "install" "–g" "grunt-cli" "yo" "bower" "generator-cg-angular"
171 error node v0.12.5
172 error npm  v2.11.2
173 error path C:\GitHub\18f-agile-bpa\–g
174 error code ENOENT
175 error errno -4058
176 error enoent ENOENT, open 'C:\GitHub\18f-agile-bpa\–g'
176 error enoent This is most likely not a problem with npm itself
176 error enoent and is related to npm not being able to find a file.
177 verbose exit [ -4058, true ]
